make all --print-data-base --no-builtin-variables --no-builtin-rules --question
# GNU Make 3.81
# Copyright (C) 2006  Free Software Foundation, Inc.
# This is free software; see the source for copying conditions.
# There is NO warranty; not even for MERCHANTABILITY or FITNESS FOR A
# PARTICULAR PURPOSE.

# This program built for i386-apple-darwin11.3.0
 

# Make data base, printed on Mon Jul 18 21:08:56 2022

# Variables

# automatic
<D = $(patsubst %/,%,$(dir $<))
# environment
RUBY_VERSION = 3.1.2
 
# automatic
?F = $(notdir $?)
# makefile (from `makefile', line 2)
RST := slides.rst
# automatic
?D = $(patsubst %/,%,$(dir $?))
# environment
PLATFORMIO_IDE = 2.5.0
# automatic
@D = $(patsubst %/,%,$(dir $@))
# automatic
@F = $(notdir $@)
# makefile
CURDIR := /Users/hrk/_HACKERSANDDESIGNERS/Presentations/soilpunk_joulethief
# makefile
SHELL = /bin/sh
# environment
DIRHISTORY_SIZE = 30
# environment
VSCODE_NLS_CONFIG = {"locale":"en-gb","availableLanguages":{},"_languagePackSupport":true}
# environment
_ = /usr/bin/make
# makefile (from `makefile', line 1)
MAKEFILE_LIST :=  makefile
# environment
__CFBundleIdentifier = com.microsoft.VSCode
# environment
INFOPATH = /opt/homebrew/share/info:/opt/homebrew/share/info:
# makefile (from `makefile', line 5)
HTML := `whoami`-`date  '+%Y-%m-%d'`.html
# environment
P9K_SSH = 0
# environment
VSCODE_CWD = /
# environment
NO_PROXY = 127.0.0.1
# environment
LSCOLORS = Gxfxcxdxbxegedabagacad
# environment
RUBYOPT = 
# environment
LaunchInstanceID = 8B758BDD-8E56-461B-B453-FF79EC0DA5A4
# environment
ELECTRON_RUN_AS_NODE = 1
# default
.FEATURES := target-specific order-only second-expansion else-if archives jobserver check-symlink
# environment
SSH_AUTH_SOCK = /private/tmp/com.apple.launchd.hNCYCbJcx9/Listeners
# automatic
%F = $(notdir $%)
# environment
CONDA_EXE = /Users/hrk/opt/anaconda3/bin/conda
# environment
PWD = /Users/hrk/_HACKERSANDDESIGNERS/Presentations/soilpunk_joulethief
# environment
HOMEBREW_CELLAR = /opt/homebrew/Cellar
# environment
GEM_HOME = /Users/hrk/.gem/ruby/3.1.2
# environment
ORIGINAL_XDG_CURRENT_DESKTOP = undefined
# environment
MAMP_PHP = /Applications/MAMP/bin/php/php7.2.8/bin/php
# environment
MANPATH = /opt/homebrew/share/man:/opt/homebrew/share/man:::
# environment
VSCODE_AMD_ENTRYPOINT = vs/workbench/api/node/extensionHostProcess
# environment
PYENV_SHELL = zsh
# environment
HOME = /Users/hrk
# makefile (from `makefile', line 9)
OUTDIR := html_output
# default
MAKEFILEPATH := /Applications/Xcode.app/Contents/Developer/Makefiles
# environment
VSCODE_CODE_CACHE_PATH = /Users/hrk/Library/Application Support/Code/CachedData/b06ae3b2d2dbfe28bca3134cc6be65935cdfea6a
# environment
LOGNAME = hrk
# environment
APPLICATION_INSIGHTS_NO_DIAGNOSTIC_CHANNEL = 1
# environment
CONDA_PROMPT_MODIFIER = (base) 
# environment
VSCODE_HANDLES_UNCAUGHT_ERRORS = true
# automatic
^D = $(patsubst %/,%,$(dir $^))
# environment
GEM_PATH = /Users/hrk/.gem/ruby/3.1.2:/Users/hrk/.rubies/ruby-3.1.2/lib/ruby/gems/3.1.0
# environment
CONDA_DEFAULT_ENV = base
# environment
PLATFORMIO_PATH = /Users/hrk/.platformio/python3/bin:/Users/hrk/.pyenv/shims:/Users/hrk/opt/anaconda3/bin:/Users/hrk/opt/anaconda3/condabin:/Users/hrk/.gem/ruby/3.1.2/bin:/Users/hrk/.rubies/ruby-3.1.2/lib/ruby/gems/3.1.0/bin:/Users/hrk/.rubies/ruby-3.1.2/bin:/opt/homebrew:/usr/local/sbin:/opt/homebrew/bin:/opt/homebrew/sbin:/opt/homebrew/bin:/opt/homebrew/sbin:/usr/local/bin:/usr/bin:/bin:/usr/sbin:/sbin:/Library/Apple/usr/bin:/Applications/Visual Studio Code.app/Contents/Resources/app/bin:/Users/hrk/src
# default
MAKE = $(MAKE_COMMAND)
# default
MAKECMDGOALS := all
# environment
PATH = /Users/hrk/.pyenv/shims:/Users/hrk/opt/anaconda3/bin:/Users/hrk/opt/anaconda3/condabin:/Users/hrk/.gem/ruby/3.1.2/bin:/Users/hrk/.rubies/ruby-3.1.2/lib/ruby/gems/3.1.0/bin:/Users/hrk/.rubies/ruby-3.1.2/bin:/opt/homebrew:/usr/local/sbin:/opt/homebrew/bin:/opt/homebrew/sbin:/opt/homebrew/bin:/opt/homebrew/sbin:/usr/local/bin:/usr/bin:/bin:/usr/sbin:/sbin:/Library/Apple/usr/bin:/Applications/Visual Studio Code.app/Contents/Resources/app/bin:/Users/hrk/src
# environment
SHLVL = 1
# environment
RUBY_ROOT = /Users/hrk/.rubies/ruby-3.1.2
# environment
XPC_FLAGS = 0x0
# default
MAKE_VERSION := 3.81
# environment
USER = hrk
# makefile
.DEFAULT_GOAL := all
# environment
RUBY_ENGINE = ruby
# environment
LESS = -R
# automatic
%D = $(patsubst %/,%,$(dir $%))
# environment
CONDA_SHLVL = 1
# default
MAKE_COMMAND := /Applications/Xcode.app/Contents/Developer/usr/bin/make
# default
.VARIABLES := 
# environment
TMPDIR = /var/folders/k0/90zw5hsn7wn5fg0h7ps27qbr0000gn/T/
# automatic
*F = $(notdir $*)
# environment
VSCODE_IPC_HOOK = /Users/hrk/Library/Application Support/Code/1.69.1-main.sock
# environment
MallocNanoZone = 0
# makefile
MAKEFLAGS = Rrqp
# environment
MFLAGS = -Rrqp
# automatic
*D = $(patsubst %/,%,$(dir $*))
# environment
XPC_SERVICE_NAME = application.com.microsoft.VSCode.42374087.42374093
# environment
HOMEBREW_PREFIX = /opt/homebrew
# automatic
 
+D = $(patsubst %/,%,$(dir $+))
# makefile (from `makefile', line 4)
AUTHOR := `whoami`
# automatic
+F = $(notdir $+)
# environment
HOMEBREW_REPOSITORY = /opt/homebrew
# environment
__CF_USER_TEXT_ENCODING = 0x1F5:0x0:0x0
# environment
COMMAND_MODE = unix2003
# default
MAKEFILES := 
# automatic
<F = $(notdir $<)
# environment
PLATFORMIO_CALLER = vscode
# environment
PAGER = less
# environment
LC_ALL = C
# environment
CONDA_PYTHON_EXE = /Users/hrk/opt/anaconda3/bin/python
# environment
SECURITYSESSIONID = 186b2
# automatic
^F = $(notdir $^)
# default
SUFFIXES := 
# environment
GEM_ROOT = /Users/hrk/.rubies/ruby-3.1.2/lib/ruby/gems/3.1.0
# environment
_CE_M = 
# environment
MAKELEVEL := 0
# makefile (from `makefile', line 7)
TODAY := `date  '+%Y-%m-%d'`
# environment
CONDA_PREFIX = /Users/hrk/opt/anaconda3
# environment
VSCODE_PID = 1635
# environment
_CE_CONDA = 
# environment
LANG = C
# variable set hash-table stats:
# Load=95/1024=9%, Rehash=0, Collisions=5/123=4%

# Pattern-specific Variable Values

# No pattern-specific variable values.

# Directories

# . (device 16777234, inode 42373571): 12 files, no impossibilities.

# 12 files, no impossibilities in 1 directories.

# Implicit Rules

# No implicit rules.

# Files

all: help
#  Command-line target.
#  Implicit rule search has been done.
#  File does not exist.
#  File has been updated.
#  Needs to be updated (-q is set).
# variable set hash-table stats:
# Load=0/32=0%, Rehash=0, Collisions=0/2=0%

# Not a target:
.SUFFIXES:
#  Implicit rule search has not been done.
#  Modification time never checked.
#  File has not been updated.

# Not a target:
makefile:
#  Implicit rule search has been done.
#  Last modified 2022-06-22 20:41:25
#  File has been updated.
#  Successfully updated.
# variable set hash-table stats:
# Load=0/32=0%, Rehash=0, Collisions=0/0=0%

help:
#  Implicit rule search has not been done.
#  Implicit/static pattern stem: `'
#  File does not exist.
#  File has been updated.
#  Needs to be updated (-q is set).
# automatic
# @ := help
# automatic
# % := 
# automatic
# * := 
# automatic
# + := 
# automatic
# | := 
# automatic
# < := 
# automatic
# ^ := 
# automatic
# ? := 
# variable set hash-table stats:
# Load=8/32=25%, Rehash=0, Collisions=1/10=10%
#  commands to execute (from `makefile', line 15):
	@echo ""
	@echo "--Help Menu"
	@echo ""
	@echo "1. make html"
	@echo "2. make dist"
	@echo "3. make clean"
	

# Not a target:
html_output:
#  Implicit rule search has not been done.
#  Modification time never checked.
#  File has not been updated.

# Not a target:
.DEFAULT:
#  Implicit rule search has not been done.
#  Modification time never checked.
#  File has not been updated.

dist: html_output
#  Implicit rule search has not been done.
#  Modification time never checked.
#  File has not been updated.
#  commands to execute (from `makefile', line 28):
	@mkdir dist
	@cp $(OUTDIR)/index.html dist/$(TODAY)_$(AUTHOR).html
	@mv $(OUTDIR) $(TODAY)_$(AUTHOR) 
	@zip -r dist/$(TODAY)_$(AUTHOR).zip $(TODAY)_$(AUTHOR) 
	@rm -r $(TODAY)_$(AUTHOR)
	

clean:
#  Implicit rule search has not been done.
#  Modification time never checked.
#  File has not been updated.
#  commands to execute (from `makefile', line 35):
	rm -rf $(OUTDIR)
	rm -rf dist
	

html: html_output
#  Implicit rule search has not been done.
#  Modification time never checked.
#  File has not been updated.
#  commands to execute (from `makefile', line 23):
	hovercraft $(RST) $(OUTDIR)
	@cp $(OUTDIR)/index.html $(OUTDIR)/$(TODAY)_$(AUTHOR).html
	

# files hash-table stats:
# Load=9/1024=1%, Rehash=0, Collisions=1/26=4%
# VPATH Search Paths

# No `vpath' search paths.

# No general (`VPATH' variable) search path.

# # of strings in strcache: 1
# # of strcache buffers: 1
# strcache size: total = 4096 / max = 4096 / min = 4096 / avg = 4096
# strcache free: total = 4087 / max = 4087 / min = 4087 / avg = 4087

# Finished Make data base on Mon Jul 18 21:08:56 2022

 
